<?xml version="1.0" encoding="UTF-8"?>
<!-- Generated by org.testng.reporters.JUnitXMLReporter -->
<testsuite hostname="PG014UCR" name="Samsung Galaxy Emulator" tests="1" failures="1" timestamp="31 May 2018 10:48:24 GMT" time="2.749" errors="0">
  <testcase name="runCukes" time="2.235" classname="runner.com.cdNewCar.AndroidWebFramework.Runner_NewCarVerification">
    <failure type="cucumber.runtime.CucumberException" message="java.lang.NullPointerException">
      <![CDATA[cucumber.runtime.CucumberException: java.lang.NullPointerException
	at cucumber.api.testng.TestNGCucumberRunner.runCukes(TestNGCucumberRunner.java:57)
	at runner.com.cdNewCar.AndroidWebFramework.Runner_NewCarVerification.runCukes(Runner_NewCarVerification.java:116)
Caused by: java.lang.NullPointerException
	at com.cucumber.framework.stepdefinition.CommonSteps.CommonSteps.navigate_to_web_site(CommonSteps.java:18)
	at âœ½.Given navigate to web site(featurefile/NewCar/NewCar.feature:16)
... Removed 24 stack frames]]>
    </failure>
  </testcase> <!-- runCukes -->
</testsuite> <!-- Samsung Galaxy Emulator -->
